2026-02-26T11:57:16.857Z {"commandId":"1772106562739-q8mri6","type":"symbols_list","symbol":"","result":"ok","details":"Volatility 10 Index,Volatility 75 (1s) Index,GBPUSD,EURUSD"}
2026-02-26T11:57:18.335Z {"commandId":"1772106626532-udbwcp","type":"symbols_list","symbol":"","result":"ok","details":"Volatility 10 Index,Volatility 75 (1s) Index,GBPUSD,EURUSD"}
2026-02-26T11:57:19.404Z {"commandId":"1772106702356-5zv8so","type":"symbols_list","symbol":"","result":"ok","details":"Volatility 10 Index,Volatility 75 (1s) Index,GBPUSD,EURUSD"}
2026-02-26T11:57:21.281Z {"commandId":"1772106880739-j568oc","type":"symbols_list","symbol":"","result":"ok","details":"Volatility 10 Index,Volatility 75 (1s) Index,GBPUSD,EURUSD"}
2026-02-26T11:57:23.245Z {"commandId":"1772106901425-yhdhmd","type":"symbols_list","symbol":"","result":"ok","details":"Volatility 10 Index,Volatility 75 (1s) Index,GBPUSD,EURUSD"}
2026-02-26T11:57:24.721Z {"commandId":"1772106906596-pzxzg7","type":"symbols_list","symbol":"","result":"ok","details":"Volatility 10 Index,Volatility 75 (1s) Index,GBPUSD,EURUSD"}
2026-02-26T11:57:25.845Z {"commandId":"1772106906956-a5ri93","type":"symbols_list","symbol":"","result":"ok","details":"Volatility 10 Index,Volatility 75 (1s) Index,GBPUSD,EURUSD"}
2026-02-26T11:57:27.030Z {"commandId":"1772106907442-783c4y","type":"symbols_list","symbol":"","result":"ok","details":"Volatility 10 Index,Volatility 75 (1s) Index,GBPUSD,EURUSD"}
2026-02-26T11:57:27.922Z {"commandId":"1772106907754-5yt598","type":"symbols_list","symbol":"","result":"ok","details":"Volatility 10 Index,Volatility 75 (1s) Index,GBPUSD,EURUSD"}
2026-02-26T11:57:28.899Z {"commandId":"1772106908086-6h41sg","type":"symbols_list","symbol":"","result":"ok","details":"Volatility 10 Index,Volatility 75 (1s) Index,GBPUSD,EURUSD"}
2026-02-26T11:57:29.829Z {"commandId":"1772106908400-5j5ej3","type":"symbols_list","symbol":"","result":"ok","details":"Volatility 10 Index,Volatility 75 (1s) Index,GBPUSD,EURUSD"}
2026-02-26T12:05:55.435Z {"commandId":"1772107553368-t1xsu1","type":"symbols_list","symbol":"","result":"ok","details":"Volatility 10 Index,Volatility 75 (1s) Index,GBPUSD,EURUSD"}
2026-02-26T12:06:45.473Z {"commandId":"1772107600896-t4ay5z","type":"symbols_list","symbol":"","result":"ok","details":"Volatility 10 Index,Volatility 75 (1s) Index,GBPUSD,EURUSD,DSHUSD,DOTUSD,DOGUSD,BTCUSD,ETCUSD"}
2026-02-26T12:07:05.245Z {"commandId":"1772107622498-ooq4t8","type":"add_pair","symbol":"Volatility 75 (1s) Index","result":"ok","details":"added symbol"}
2026-02-26T12:23:50.418Z {"commandId":"1772108625660-wij5tw","type":"symbols_list","symbol":"","result":"ok","details":"Volatility 10 Index,Volatility 75 (1s) Index,GBPUSD,EURUSD,DSHUSD,DOTUSD,DOGUSD,BTCUSD,ETCUSD"}
2026-02-26T12:23:55.688Z {"commandId":"1772108634802-7dab52","type":"add_pair","symbol":"Volatility 10 Index","result":"ok","details":"added symbol"}
2026-02-26T12:24:00.324Z {"commandId":"1772108635632-8qiqq9","type":"add_pair","symbol":"Volatility 75 (1s) Index","result":"ok","details":"added symbol"}
2026-02-26T12:24:53.330Z {"commandId":"1772108688877-m6xwu5","type":"symbols_list","symbol":"","result":"ok","details":"Volatility 10 Index,Volatility 75 (1s) Index,GBPUSD,EURUSD,DSHUSD,DOTUSD,DOGUSD,BTCUSD,ETCUSD"}
2026-02-26T12:24:59.443Z {"commandId":"1772108696815-v041ya","type":"add_pair","symbol":"Volatility 10 Index","result":"ok","details":"added symbol"}
2026-02-26T12:25:00.740Z {"commandId":"1772108697474-b47qf0","type":"add_pair","symbol":"Volatility 75 (1s) Index","result":"ok","details":"added symbol"}
2026-02-26T12:27:44.693Z {"commandId":"1772108862808-12jto1","type":"symbols_list","symbol":"","result":"ok","details":"Volatility 10 Index,Volatility 75 (1s) Index,GBPUSD,EURUSD,DSHUSD,DOTUSD,DOGUSD,BTCUSD,ETCUSD"}
2026-02-26T12:27:50.393Z {"commandId":"1772108869723-m4bbsg","type":"add_pair","symbol":"Volatility 10 Index","result":"ok","details":"added symbol"}
2026-02-26T12:48:25.689Z {"commandId":"1772110099585-zy9ucs","type":"symbols_list","symbol":"ok","result":"Volatility 75 (1s) Index","details":"Volatility 75 (1s) Index"}
2026-02-26T12:49:40.830Z {"commandId":"1772110145290-rtxpot","type":"symbols_list","symbol":"ok","result":"Volatility 75 (1s) Index","details":"Volatility 75 (1s) Index"}
2026-02-26T12:49:44.914Z {"commandId":"1772110182937-tljgb8","type":"symbols_list","symbol":"ok","result":"Volatility 75 (1s) Index","details":"Volatility 75 (1s) Index"}
2026-02-26T12:56:30.517Z {"commandId":"1772110588275-rkxtkm","type":"symbols_list","symbol":"ok","result":"Volatility 10 Index,GBPUSD,EURUSD,DSHUSD,DOTUSD,DOGUSD,BTCUSD,ETCUSD","details":"Volatility 10 Index,GBPUSD,EURUSD,DSHUSD,DOTUSD,DOGUSD,BTCUSD,ETCUSD"}
2026-02-26T12:57:35.714Z {"commandId":"1772110650978-gsrxhb","type":"symbols_list","symbol":"ok","result":"Volatility 10 Index,GBPUSD,EURUSD,DSHUSD,DOTUSD,DOGUSD,BTCUSD,ETCUSD","details":"Volatility 10 Index,GBPUSD,EURUSD,DSHUSD,DOTUSD,DOGUSD,BTCUSD,ETCUSD"}
2026-02-26T12:57:45.661Z {"commandId":"1772110664014-gqwweh","type":"add_pair","symbol":"Volatility 10 Index","result":"ok","details":"added symbol"}
2026-02-26T12:57:56.182Z {"commandId":"1772110671630-old53l","type":"symbols_list","symbol":"ok","result":"GBPUSD,EURUSD,DSHUSD,DOTUSD,DOGUSD,BTCUSD,ETCUSD","details":"GBPUSD,EURUSD,DSHUSD,DOTUSD,DOGUSD,BTCUSD,ETCUSD"}
2026-02-26T13:21:53.389Z {"commandId":"1772112111812-k5604p","type":"symbols_list","symbol":"ok","result":"GBPUSD,EURUSD,DSHUSD,DOTUSD,DOGUSD,BTCUSD,ETCUSD","details":"GBPUSD,EURUSD,DSHUSD,DOTUSD,DOGUSD,BTCUSD,ETCUSD"}
2026-02-26T13:22:03.672Z {"commandId":"1772112117835-oculiv","type":"symbols_list","symbol":"ok","result":"GBPUSD,EURUSD,DSHUSD,DOTUSD,DOGUSD,BTCUSD,ETCUSD","details":"GBPUSD,EURUSD,DSHUSD,DOTUSD,DOGUSD,BTCUSD,ETCUSD"}
2026-02-26T13:36:41.917Z {"commandId":"1772112997793-pi6nnl","type":"symbols_list","symbol":"ok","result":"GBPUSD,EURUSD,DSHUSD,DOTUSD,DOGUSD,BTCUSD,ETCUSD","details":"GBPUSD,EURUSD,DSHUSD,DOTUSD,DOGUSD,BTCUSD,ETCUSD"}
2026-02-26T14:14:57.588Z {"commandId":"1772115292682-yxkl4n","type":"symbols_list","symbol":"ok","result":"GBPUSD,EURUSD,DSHUSD,DOTUSD,DOGUSD,BTCUSD,ETCUSD","details":"GBPUSD,EURUSD,DSHUSD,DOTUSD,DOGUSD,BTCUSD,ETCUSD"}
2026-02-26T14:15:19.402Z {"commandId":"1772115313761-no7spr","type":"symbols_list","symbol":"ok","result":"GBPUSD,EURUSD,DSHUSD,DOTUSD,DOGUSD,BTCUSD,ETCUSD","details":"GBPUSD,EURUSD,DSHUSD,DOTUSD,DOGUSD,BTCUSD,ETCUSD"}
2026-02-26T14:15:30.117Z {"commandId":"1772115324832-jsx12b","type":"add_pair","symbol":"GBPUSD","result":"ok","details":"added symbol"}
2026-02-26T14:15:43.020Z {"commandId":"1772115336647-v1tac0","type":"symbols_list","symbol":"ok","result":"EURUSD,DSHUSD,DOTUSD,DOGUSD,BTCUSD,ETCUSD","details":"EURUSD,DSHUSD,DOTUSD,DOGUSD,BTCUSD,ETCUSD"}
2026-02-26T14:18:56.400Z {"commandId":"1772115528196-bbho5d","type":"symbols_list","symbol":"ok","result":"EURUSD,DSHUSD,DOTUSD,DOGUSD,BTCUSD,ETCUSD","details":"EURUSD,DSHUSD,DOTUSD,DOGUSD,BTCUSD,ETCUSD"}
2026-02-26T14:25:36.151Z {"commandId":"1772115931340-fipyap","type":"symbols_list","symbol":"ok","result":"EURUSD,DSHUSD,DOTUSD,DOGUSD,BTCUSD,ETCUSD","details":"EURUSD,DSHUSD,DOTUSD,DOGUSD,BTCUSD,ETCUSD"}
2026-02-26T14:25:58.194Z {"commandId":"1772115957523-je2m1a","type":"symbols_list","symbol":"ok","result":"EURUSD,DSHUSD,DOTUSD,DOGUSD,BTCUSD,ETCUSD","details":"EURUSD,DSHUSD,DOTUSD,DOGUSD,BTCUSD,ETCUSD"}
2026-02-26T14:26:38.136Z {"commandId":"1772115995195-yzz8co","type":"symbols_list","symbol":"ok","result":"EURUSD,DSHUSD,DOTUSD,DOGUSD,BTCUSD,ETCUSD","details":"EURUSD,DSHUSD,DOTUSD,DOGUSD,BTCUSD,ETCUSD"}
2026-02-26T14:26:43.141Z {"commandId":"1772116001993-t8uabn","type":"symbols_list","symbol":"ok","result":"EURUSD,DSHUSD,DOTUSD,DOGUSD,BTCUSD,ETCUSD","details":"EURUSD,DSHUSD,DOTUSD,DOGUSD,BTCUSD,ETCUSD"}
2026-02-26T14:26:58.404Z {"commandId":"1772116015636-2j8vem","type":"symbols_list","symbol":"ok","result":"EURUSD,DSHUSD,DOTUSD,DOGUSD,BTCUSD,ETCUSD","details":"EURUSD,DSHUSD,DOTUSD,DOGUSD,BTCUSD,ETCUSD"}
2026-02-26T14:33:32.419Z {"commandId":"1772116410908-xorb7e","type":"symbols_list","symbol":"ok","result":"EURUSD,DSHUSD,DOTUSD,DOGUSD,BTCUSD,ETCUSD","details":"EURUSD,DSHUSD,DOTUSD,DOGUSD,BTCUSD,ETCUSD"}
2026-02-26T14:39:16.640Z {"commandId":"1772116754371-d7szam","type":"symbols_list","symbol":"ok","result":"EURUSD,DSHUSD,DOTUSD,DOGUSD,BTCUSD,ETCUSD","details":"EURUSD,DSHUSD,DOTUSD,DOGUSD,BTCUSD,ETCUSD"}
2026-02-26T14:43:06.793Z {"commandId":"1772116985400-hz4f25","type":"symbols_list","symbol":"ok","result":"EURUSD,DSHUSD,DOTUSD,DOGUSD,BTCUSD,ETCUSD","details":"EURUSD,DSHUSD,DOTUSD,DOGUSD,BTCUSD,ETCUSD"}
2026-02-26T14:58:02.212Z {"commandId":"1772117879178-p633tz","type":"symbols_list","symbol":"ok","result":"EURUSD,DSHUSD,DOTUSD,DOGUSD,BTCUSD,ETCUSD","details":"EURUSD,DSHUSD,DOTUSD,DOGUSD,BTCUSD,ETCUSD"}
2026-02-26T15:21:14.770Z {"commandId":"1772119269922-iqzy0r","type":"symbols_list","symbol":"ok","result":"EURUSD,DSHUSD,DOTUSD,DOGUSD,BTCUSD,ETCUSD","details":"EURUSD,DSHUSD,DOTUSD,DOGUSD,BTCUSD,ETCUSD"}
2026-02-26T15:23:56.681Z {"commandId":"1772119428231-g519vd","type":"symbols_list","symbol":"ok","result":"EURUSD,DSHUSD,DOTUSD,DOGUSD,BTCUSD,ETCUSD","details":"EURUSD,DSHUSD,DOTUSD,DOGUSD,BTCUSD,ETCUSD"}
2026-02-26T15:25:10.125Z {"commandId":"1772119506212-cgvooe","type":"symbols_list","symbol":"ok","result":"EURUSD,DSHUSD,DOTUSD,DOGUSD,BTCUSD,ETCUSD","details":"EURUSD,DSHUSD,DOTUSD,DOGUSD,BTCUSD,ETCUSD"}
2026-02-26T15:25:35.451Z {"commandId":"1772119534636-cloxnz","type":"symbols_list","symbol":"ok","result":"EURUSD,DSHUSD,DOTUSD,DOGUSD,BTCUSD,ETCUSD","details":"EURUSD,DSHUSD,DOTUSD,DOGUSD,BTCUSD,ETCUSD"}
2026-02-26T15:25:47.561Z {"commandId":"1772119543777-dmh37t","type":"symbols_list","symbol":"ok","result":"EURUSD,DSHUSD,DOTUSD,DOGUSD,BTCUSD,ETCUSD","details":"EURUSD,DSHUSD,DOTUSD,DOGUSD,BTCUSD,ETCUSD"}
2026-02-26T15:55:34.525Z {"commandId":"1772121055035-dbzgif","type":"symbols_list","symbol":"ok","result":"","details":""}
2026-02-26T15:55:44.698Z {"commandId":"1772121339809-y72dlr","type":"symbols_list","symbol":"ok","result":"","details":""}
2026-02-26T15:56:38.978Z {"commandId":"1772121397860-f927cj","type":"symbols_list","symbol":"ok","result":"","details":""}
2026-02-26T16:00:03.783Z {"commandId":"1772121599937-37dnia","type":"symbols_list","symbol":"ok","result":"","details":""}
2026-02-26T16:01:50.516Z {"commandId":"1772121705698-5xp45f","type":"symbols_list","symbol":"ok","result":"ETCUSD,DSHUSD,DOTUSD","details":"ETCUSD,DSHUSD,DOTUSD"}
2026-02-26T16:06:30.904Z {}
2026-02-26T16:07:26.926Z {}
2026-02-26T16:07:31.192Z {"commandId":"1772122045309-xxa1c5","type":"symbols_list","symbol":"ok","result":"ETCUSD,DSHUSD,DOTUSD","details":"ETCUSD,DSHUSD,DOTUSD"}
2026-02-26T16:07:42.010Z {"commandId":"1772122055825-4dzeok","type":"add_pair","symbol":"ETCUSD","result":"ok","details":"added symbol"}
2026-02-26T16:07:44.739Z {}
2026-02-26T16:07:46.554Z {"commandId":"1772122065047-4d6e50","type":"symbols_list","symbol":"ok","result":"DSHUSD,DOTUSD","details":"DSHUSD,DOTUSD"}
2026-02-26T16:08:24.825Z {"commandId":"1772122095484-h8dpiv","type":"symbols_list","symbol":"ok","result":"DSHUSD,DOTUSD","details":"DSHUSD,DOTUSD"}
2026-03-01T14:35:21.844Z {"commandId":"1772375658592-1miq9x","type":"symbols_list","symbol":"ok","result":"DSHUSD,DOTUSD","details":"DSHUSD,DOTUSD"}
2026-03-01T14:45:08.027Z {"commandId":"1772376306933-2tyl1c","type":"symbols_list","symbol":"ok","result":"DSHUSD,DOTUSD","details":"DSHUSD,DOTUSD"}
2026-03-01T14:45:47.387Z {"commandId":"1772376341662-p5ax1j","type":"symbols_list","symbol":"ok","result":"DSHUSD,DOTUSD","details":"DSHUSD,DOTUSD"}
2026-03-01T14:50:52.889Z {"commandId":"1772376648325-wctsif","type":"symbols_list","symbol":"ok","result":"DSHUSD,DOTUSD","details":"DSHUSD,DOTUSD"}
2026-03-01T14:59:01.781Z {}
2026-03-01T14:59:02.164Z {}
2026-03-01T15:01:00.522Z {"commandId":"1772377251760-k9d1yu","type":"symbols_list","symbol":"ok","result":"DSHUSD,DOTUSD","details":"DSHUSD,DOTUSD"}
2026-03-01T15:01:18.079Z {"commandId":"1772377275670-5m4bef","type":"symbols_list","symbol":"ok","result":"DSHUSD,DOTUSD","details":"DSHUSD,DOTUSD"}
2026-03-01T15:02:26.280Z {}
